<?xml version="1.0" encoding="UTF-8"?>
<!-- Generated by org.testng.reporters.JUnitReportReporter -->
<testsuite hostname="HYDHTC333383L" failures="0" tests="9" name="testData.TestScenarios" time="177.464" errors="0" timestamp="2020-09-30T14:45:27 IST" skipped="0">
  <testcase classname="testData.TestScenarios" name="DiscontinuedProduct" time="19.526"/>
  <system-out/>
  <testcase classname="testData.TestScenarios" name="signIn" time="5.931"/>
  <system-out/>
  <testcase classname="testData.TestScenarios" name="VerifyBreadcrumbs_StoreLocator_PDPpage" time="26.932"/>
  <system-out/>
  <testcase classname="testData.TestScenarios" name="VerifyAddtoCart_PDPPage" time="29.512"/>
  <system-out/>
  <testcase classname="testData.TestScenarios" name="VerifyOptions_PDPPage" time="14.952"/>
  <system-out/>
  <testcase classname="testData.TestScenarios" name="VerifyCompareOverlayDisplayandDisappear" time="14.084"/>
  <system-out/>
  <testcase classname="testData.TestScenarios" name="SellableServicepart" time="13.117"/>
  <system-out/>
  <testcase classname="testData.TestScenarios" name="VerifyCompareproductModal" time="35.415"/>
  <system-out/>
  <testcase classname="testData.TestScenarios" name="VerifyPDPpage" time="17.995"/>
  <system-out/>
</testsuite> <!-- testData.TestScenarios -->
