<?xml version="1.0" encoding="UTF-8"?>
<!-- Generated by org.testng.reporters.JUnitReportReporter -->
<testsuite hostname="HYDHTC333383L" failures="0" tests="1" name="projectdayone.openGoogle" time="7.754" errors="0" timestamp="15 Oct 2020 04:48:14 GMT" skipped="0">
  <testcase classname="projectdayone.openGoogle" name="method1" time="7.754"/>
</testsuite> <!-- projectdayone.openGoogle -->
